  Actor.cpp
  Generating Code...
  Compiling...
  ZipFile.cpp
  ZipFIleResource.cpp
  TransformComponent.cpp
..\source\TransformComponent.cpp(15): warning C4244: 'return': conversion from 'double' to 'float', possible loss of data
  ResourceCache.cpp
  ProcessManager.cpp
  Process.cpp
  PhysicsComponent.cpp
  Options.cpp
  Events.cpp
  EventManager.cpp
  Engine.cpp
  BeserkStd.cpp
  ActorFactory.cpp
..\source\ActorFactory.cpp(37): warning C4101: 'overrides': unreferenced local variable
  Generating Code...
c:\users\sauron-lp-s\desktop\dev\engine\source\actorfactory.cpp(26): warning C4700: uninitialized local variable 'pRoot' used
c:\users\sauron-lp-s\desktop\dev\engine\source\zipfile.cpp(207): warning C4715: 'Beserk::ZipFile::ReadFile': not all control paths return a value
  Skipping... (no relevant changes detected)
  App.cpp
BeserkStd.obj : warning LNK4221: This object file does not define any previously undefined public symbols, so it will not be used by any link operation that consumes this library
  Beserk.vcxproj -> C:\Users\Sauron-LP-S\Desktop\Dev\Engine\msvc\\..\build\Win32\Debug\Beserk.lib
